<?xml version="1.0" encoding="UTF-8"?>
<testsuite xmlns:xsi="http://www.w3.org/2001/XMLSchema-instance" xsi:noNamespaceSchemaLocation="https://maven.apache.org/surefire/maven-surefire-plugin/xsd/surefire-test-report.xsd" name="com.sun.chaincode.TryTest" time="0.017" tests="1" errors="0" skipped="0" failures="1">
  <properties>
    <property name="sun.desktop" value="windows"/>
    <property name="awt.toolkit" value="sun.awt.windows.WToolkit"/>
    <property name="file.encoding.pkg" value="sun.io"/>
    <property name="java.specification.version" value="1.8"/>
    <property name="sun.cpu.isalist" value="amd64"/>
    <property name="sun.jnu.encoding" value="Cp1252"/>
    <property name="java.class.path" value="D:\Downloads\fabric-chaincode-java\chaincode-maven\target\test-classes;D:\Downloads\fabric-chaincode-java\chaincode-maven\target\classes;C:\Users\Sun\.m2\repository\com\fasterxml\jackson\core\jackson-databind\2.0.0\jackson-databind-2.0.0.jar;C:\Users\Sun\.m2\repository\com\fasterxml\jackson\core\jackson-annotations\2.0.0\jackson-annotations-2.0.0.jar;C:\Users\Sun\.m2\repository\com\fasterxml\jackson\core\jackson-core\2.0.0\jackson-core-2.0.0.jar;C:\Users\Sun\.m2\repository\org\hyperledger\fabric-chaincode-java\fabric-chaincode-shim\1.4.1\fabric-chaincode-shim-1.4.1.jar;C:\Users\Sun\.m2\repository\commons-cli\commons-cli\1.4\commons-cli-1.4.jar;C:\Users\Sun\.m2\repository\commons-logging\commons-logging\1.2\commons-logging-1.2.jar;C:\Users\Sun\.m2\repository\io\netty\netty-tcnative-boringssl-static\2.0.7.Final\netty-tcnative-boringssl-static-2.0.7.Final.jar;C:\Users\Sun\.m2\repository\org\bouncycastle\bcpkix-jdk15on\1.59\bcpkix-jdk15on-1.59.jar;C:\Users\Sun\.m2\repository\org\bouncycastle\bcprov-jdk15on\1.59\bcprov-jdk15on-1.59.jar;C:\Users\Sun\.m2\repository\org\hyperledger\fabric-chaincode-java\fabric-chaincode-protos\1.4.1\fabric-chaincode-protos-1.4.1.jar;C:\Users\Sun\.m2\repository\com\google\protobuf\protobuf-java\3.5.1\protobuf-java-3.5.1.jar;C:\Users\Sun\.m2\repository\com\google\protobuf\protobuf-java-util\3.5.1\protobuf-java-util-3.5.1.jar;C:\Users\Sun\.m2\repository\com\google\guava\guava\19.0\guava-19.0.jar;C:\Users\Sun\.m2\repository\com\google\code\gson\gson\2.7\gson-2.7.jar;C:\Users\Sun\.m2\repository\io\grpc\grpc-netty\1.9.0\grpc-netty-1.9.0.jar;C:\Users\Sun\.m2\repository\io\grpc\grpc-core\1.9.0\grpc-core-1.9.0.jar;C:\Users\Sun\.m2\repository\io\grpc\grpc-context\1.9.0\grpc-context-1.9.0.jar;C:\Users\Sun\.m2\repository\com\google\errorprone\error_prone_annotations\2.1.2\error_prone_annotations-2.1.2.jar;C:\Users\Sun\.m2\repository\com\google\code\findbugs\jsr305\3.0.0\jsr305-3.0.0.jar;C:\Users\Sun\.m2\repository\com\google\instrumentation\instrumentation-api\0.4.3\instrumentation-api-0.4.3.jar;C:\Users\Sun\.m2\repository\io\opencensus\opencensus-api\0.10.0\opencensus-api-0.10.0.jar;C:\Users\Sun\.m2\repository\io\opencensus\opencensus-contrib-grpc-metrics\0.10.0\opencensus-contrib-grpc-metrics-0.10.0.jar;C:\Users\Sun\.m2\repository\io\netty\netty-codec-http2\4.1.17.Final\netty-codec-http2-4.1.17.Final.jar;C:\Users\Sun\.m2\repository\io\netty\netty-codec-http\4.1.17.Final\netty-codec-http-4.1.17.Final.jar;C:\Users\Sun\.m2\repository\io\netty\netty-codec\4.1.17.Final\netty-codec-4.1.17.Final.jar;C:\Users\Sun\.m2\repository\io\netty\netty-handler\4.1.17.Final\netty-handler-4.1.17.Final.jar;C:\Users\Sun\.m2\repository\io\netty\netty-buffer\4.1.17.Final\netty-buffer-4.1.17.Final.jar;C:\Users\Sun\.m2\repository\io\netty\netty-common\4.1.17.Final\netty-common-4.1.17.Final.jar;C:\Users\Sun\.m2\repository\io\netty\netty-handler-proxy\4.1.17.Final\netty-handler-proxy-4.1.17.Final.jar;C:\Users\Sun\.m2\repository\io\netty\netty-transport\4.1.17.Final\netty-transport-4.1.17.Final.jar;C:\Users\Sun\.m2\repository\io\netty\netty-resolver\4.1.17.Final\netty-resolver-4.1.17.Final.jar;C:\Users\Sun\.m2\repository\io\netty\netty-codec-socks\4.1.17.Final\netty-codec-socks-4.1.17.Final.jar;C:\Users\Sun\.m2\repository\io\grpc\grpc-protobuf\1.9.0\grpc-protobuf-1.9.0.jar;C:\Users\Sun\.m2\repository\com\google\api\grpc\proto-google-common-protos\1.0.0\proto-google-common-protos-1.0.0.jar;C:\Users\Sun\.m2\repository\io\grpc\grpc-protobuf-lite\1.9.0\grpc-protobuf-lite-1.9.0.jar;C:\Users\Sun\.m2\repository\io\grpc\grpc-stub\1.9.0\grpc-stub-1.9.0.jar;C:\Users\Sun\.m2\repository\org\slf4j\slf4j-api\1.7.5\slf4j-api-1.7.5.jar;C:\Users\Sun\.m2\repository\ch\qos\logback\logback-classic\1.0.13\logback-classic-1.0.13.jar;C:\Users\Sun\.m2\repository\ch\qos\logback\logback-core\1.0.13\logback-core-1.0.13.jar;C:\Users\Sun\.m2\repository\org\junit\jupiter\junit-jupiter-engine\5.4.0\junit-jupiter-engine-5.4.0.jar;C:\Users\Sun\.m2\repository\org\apiguardian\apiguardian-api\1.0.0\apiguardian-api-1.0.0.jar;C:\Users\Sun\.m2\repository\org\junit\platform\junit-platform-engine\1.4.0\junit-platform-engine-1.4.0.jar;C:\Users\Sun\.m2\repository\org\junit\jupiter\junit-jupiter-api\5.4.0\junit-jupiter-api-5.4.0.jar;C:\Users\Sun\.m2\repository\org\opentest4j\opentest4j\1.1.1\opentest4j-1.1.1.jar;C:\Users\Sun\.m2\repository\org\junit\platform\junit-platform-commons\1.4.0\junit-platform-commons-1.4.0.jar;C:\Users\Sun\.m2\repository\org\mockito\mockito-core\2.23.4\mockito-core-2.23.4.jar;C:\Users\Sun\.m2\repository\net\bytebuddy\byte-buddy\1.9.3\byte-buddy-1.9.3.jar;C:\Users\Sun\.m2\repository\net\bytebuddy\byte-buddy-agent\1.9.3\byte-buddy-agent-1.9.3.jar;C:\Users\Sun\.m2\repository\org\objenesis\objenesis\2.6\objenesis-2.6.jar;"/>
    <property name="java.vm.vendor" value="Oracle Corporation"/>
    <property name="sun.arch.data.model" value="64"/>
    <property name="user.variant" value=""/>
    <property name="java.vendor.url" value="http://java.oracle.com/"/>
    <property name="user.timezone" value="GMT+08:00"/>
    <property name="java.vm.specification.version" value="1.8"/>
    <property name="os.name" value="Windows 10"/>
    <property name="user.country" value="US"/>
    <property name="sun.java.launcher" value="SUN_STANDARD"/>
    <property name="sun.boot.library.path" value="C:\Program Files\Java\jdk1.8.0_211\jre\bin"/>
    <property name="sun.java.command" value="C:\Users\Sun\AppData\Local\Temp\surefire4883494743901115400\surefirebooter7905297796113110321.jar C:\Users\Sun\AppData\Local\Temp\surefire4883494743901115400 2019-05-02T00-31-50_823-jvmRun1 surefire4648717470955520974tmp surefire_05557269555026997555tmp"/>
    <property name="surefire.test.class.path" value="D:\Downloads\fabric-chaincode-java\chaincode-maven\target\test-classes;D:\Downloads\fabric-chaincode-java\chaincode-maven\target\classes;C:\Users\Sun\.m2\repository\com\fasterxml\jackson\core\jackson-databind\2.0.0\jackson-databind-2.0.0.jar;C:\Users\Sun\.m2\repository\com\fasterxml\jackson\core\jackson-annotations\2.0.0\jackson-annotations-2.0.0.jar;C:\Users\Sun\.m2\repository\com\fasterxml\jackson\core\jackson-core\2.0.0\jackson-core-2.0.0.jar;C:\Users\Sun\.m2\repository\org\hyperledger\fabric-chaincode-java\fabric-chaincode-shim\1.4.1\fabric-chaincode-shim-1.4.1.jar;C:\Users\Sun\.m2\repository\commons-cli\commons-cli\1.4\commons-cli-1.4.jar;C:\Users\Sun\.m2\repository\commons-logging\commons-logging\1.2\commons-logging-1.2.jar;C:\Users\Sun\.m2\repository\io\netty\netty-tcnative-boringssl-static\2.0.7.Final\netty-tcnative-boringssl-static-2.0.7.Final.jar;C:\Users\Sun\.m2\repository\org\bouncycastle\bcpkix-jdk15on\1.59\bcpkix-jdk15on-1.59.jar;C:\Users\Sun\.m2\repository\org\bouncycastle\bcprov-jdk15on\1.59\bcprov-jdk15on-1.59.jar;C:\Users\Sun\.m2\repository\org\hyperledger\fabric-chaincode-java\fabric-chaincode-protos\1.4.1\fabric-chaincode-protos-1.4.1.jar;C:\Users\Sun\.m2\repository\com\google\protobuf\protobuf-java\3.5.1\protobuf-java-3.5.1.jar;C:\Users\Sun\.m2\repository\com\google\protobuf\protobuf-java-util\3.5.1\protobuf-java-util-3.5.1.jar;C:\Users\Sun\.m2\repository\com\google\guava\guava\19.0\guava-19.0.jar;C:\Users\Sun\.m2\repository\com\google\code\gson\gson\2.7\gson-2.7.jar;C:\Users\Sun\.m2\repository\io\grpc\grpc-netty\1.9.0\grpc-netty-1.9.0.jar;C:\Users\Sun\.m2\repository\io\grpc\grpc-core\1.9.0\grpc-core-1.9.0.jar;C:\Users\Sun\.m2\repository\io\grpc\grpc-context\1.9.0\grpc-context-1.9.0.jar;C:\Users\Sun\.m2\repository\com\google\errorprone\error_prone_annotations\2.1.2\error_prone_annotations-2.1.2.jar;C:\Users\Sun\.m2\repository\com\google\code\findbugs\jsr305\3.0.0\jsr305-3.0.0.jar;C:\Users\Sun\.m2\repository\com\google\instrumentation\instrumentation-api\0.4.3\instrumentation-api-0.4.3.jar;C:\Users\Sun\.m2\repository\io\opencensus\opencensus-api\0.10.0\opencensus-api-0.10.0.jar;C:\Users\Sun\.m2\repository\io\opencensus\opencensus-contrib-grpc-metrics\0.10.0\opencensus-contrib-grpc-metrics-0.10.0.jar;C:\Users\Sun\.m2\repository\io\netty\netty-codec-http2\4.1.17.Final\netty-codec-http2-4.1.17.Final.jar;C:\Users\Sun\.m2\repository\io\netty\netty-codec-http\4.1.17.Final\netty-codec-http-4.1.17.Final.jar;C:\Users\Sun\.m2\repository\io\netty\netty-codec\4.1.17.Final\netty-codec-4.1.17.Final.jar;C:\Users\Sun\.m2\repository\io\netty\netty-handler\4.1.17.Final\netty-handler-4.1.17.Final.jar;C:\Users\Sun\.m2\repository\io\netty\netty-buffer\4.1.17.Final\netty-buffer-4.1.17.Final.jar;C:\Users\Sun\.m2\repository\io\netty\netty-common\4.1.17.Final\netty-common-4.1.17.Final.jar;C:\Users\Sun\.m2\repository\io\netty\netty-handler-proxy\4.1.17.Final\netty-handler-proxy-4.1.17.Final.jar;C:\Users\Sun\.m2\repository\io\netty\netty-transport\4.1.17.Final\netty-transport-4.1.17.Final.jar;C:\Users\Sun\.m2\repository\io\netty\netty-resolver\4.1.17.Final\netty-resolver-4.1.17.Final.jar;C:\Users\Sun\.m2\repository\io\netty\netty-codec-socks\4.1.17.Final\netty-codec-socks-4.1.17.Final.jar;C:\Users\Sun\.m2\repository\io\grpc\grpc-protobuf\1.9.0\grpc-protobuf-1.9.0.jar;C:\Users\Sun\.m2\repository\com\google\api\grpc\proto-google-common-protos\1.0.0\proto-google-common-protos-1.0.0.jar;C:\Users\Sun\.m2\repository\io\grpc\grpc-protobuf-lite\1.9.0\grpc-protobuf-lite-1.9.0.jar;C:\Users\Sun\.m2\repository\io\grpc\grpc-stub\1.9.0\grpc-stub-1.9.0.jar;C:\Users\Sun\.m2\repository\org\slf4j\slf4j-api\1.7.5\slf4j-api-1.7.5.jar;C:\Users\Sun\.m2\repository\ch\qos\logback\logback-classic\1.0.13\logback-classic-1.0.13.jar;C:\Users\Sun\.m2\repository\ch\qos\logback\logback-core\1.0.13\logback-core-1.0.13.jar;C:\Users\Sun\.m2\repository\org\junit\jupiter\junit-jupiter-engine\5.4.0\junit-jupiter-engine-5.4.0.jar;C:\Users\Sun\.m2\repository\org\apiguardian\apiguardian-api\1.0.0\apiguardian-api-1.0.0.jar;C:\Users\Sun\.m2\repository\org\junit\platform\junit-platform-engine\1.4.0\junit-platform-engine-1.4.0.jar;C:\Users\Sun\.m2\repository\org\junit\jupiter\junit-jupiter-api\5.4.0\junit-jupiter-api-5.4.0.jar;C:\Users\Sun\.m2\repository\org\opentest4j\opentest4j\1.1.1\opentest4j-1.1.1.jar;C:\Users\Sun\.m2\repository\org\junit\platform\junit-platform-commons\1.4.0\junit-platform-commons-1.4.0.jar;C:\Users\Sun\.m2\repository\org\mockito\mockito-core\2.23.4\mockito-core-2.23.4.jar;C:\Users\Sun\.m2\repository\net\bytebuddy\byte-buddy\1.9.3\byte-buddy-1.9.3.jar;C:\Users\Sun\.m2\repository\net\bytebuddy\byte-buddy-agent\1.9.3\byte-buddy-agent-1.9.3.jar;C:\Users\Sun\.m2\repository\org\objenesis\objenesis\2.6\objenesis-2.6.jar;"/>
    <property name="sun.cpu.endian" value="little"/>
    <property name="user.home" value="C:\Users\Sun"/>
    <property name="user.language" value="en"/>
    <property name="java.specification.vendor" value="Oracle Corporation"/>
    <property name="java.home" value="C:\Program Files\Java\jdk1.8.0_211\jre"/>
    <property name="basedir" value="D:\Downloads\fabric-chaincode-java\chaincode-maven"/>
    <property name="file.separator" value="\"/>
    <property name="line.separator" value="&#10;"/>
    <property name="java.vm.specification.vendor" value="Oracle Corporation"/>
    <property name="java.specification.name" value="Java Platform API Specification"/>
    <property name="java.awt.graphicsenv" value="sun.awt.Win32GraphicsEnvironment"/>
    <property name="surefire.real.class.path" value="C:\Users\Sun\AppData\Local\Temp\surefire4883494743901115400\surefirebooter7905297796113110321.jar"/>
    <property name="sun.boot.class.path" value="C:\Program Files\Java\jdk1.8.0_211\jre\lib\resources.jar;C:\Program Files\Java\jdk1.8.0_211\jre\lib\rt.jar;C:\Program Files\Java\jdk1.8.0_211\jre\lib\sunrsasign.jar;C:\Program Files\Java\jdk1.8.0_211\jre\lib\jsse.jar;C:\Program Files\Java\jdk1.8.0_211\jre\lib\jce.jar;C:\Program Files\Java\jdk1.8.0_211\jre\lib\charsets.jar;C:\Program Files\Java\jdk1.8.0_211\jre\lib\jfr.jar;C:\Program Files\Java\jdk1.8.0_211\jre\classes"/>
    <property name="user.script" value=""/>
    <property name="sun.management.compiler" value="HotSpot 64-Bit Tiered Compilers"/>
    <property name="java.runtime.version" value="1.8.0_211-b12"/>
    <property name="user.name" value="Sun"/>
    <property name="path.separator" value=";"/>
    <property name="os.version" value="10.0"/>
    <property name="java.endorsed.dirs" value="C:\Program Files\Java\jdk1.8.0_211\jre\lib\endorsed"/>
    <property name="java.runtime.name" value="Java(TM) SE Runtime Environment"/>
    <property name="file.encoding" value="Cp1252"/>
    <property name="java.vm.name" value="Java HotSpot(TM) 64-Bit Server VM"/>
    <property name="localRepository" value="C:\Users\Sun\.m2\repository"/>
    <property name="java.vendor.url.bug" value="http://bugreport.sun.com/bugreport/"/>
    <property name="java.io.tmpdir" value="C:\Users\Sun\AppData\Local\Temp\"/>
    <property name="idea.version" value="2017.2.2"/>
    <property name="java.version" value="1.8.0_211"/>
    <property name="user.dir" value="D:\Downloads\fabric-chaincode-java\chaincode-maven"/>
    <property name="os.arch" value="amd64"/>
    <property name="java.vm.specification.name" value="Java Virtual Machine Specification"/>
    <property name="java.awt.printerjob" value="sun.awt.windows.WPrinterJob"/>
    <property name="sun.os.patch.level" value=""/>
    <property name="java.library.path" value="C:\Program Files\Java\jdk1.8.0_211\jre\bin;C:\WINDOWS\Sun\Java\bin;C:\WINDOWS\system32;C:\WINDOWS;C:\ProgramData\Oracle\Java\javapath;C:\Program Files\NVIDIA GPU Computing Toolkit\CUDA\v9.2\bin;C:\Program Files\NVIDIA GPU Computing Toolkit\CUDA\v9.2\libnvvp;C:\Program Files (x86)\Intel\iCLS Client\;C:\Program Files\Intel\iCLS Client\;C:\windows\system32;C:\windows;C:\windows\System32\Wbem;C:\windows\System32\WindowsPowerShell\v1.0\;C:\Program Files (x86)\Intel\Intel(R) Management Engine Components\DAL;C:\Program Files\Intel\Intel(R) Management Engine Components\DAL;C:\Program Files (x86)\Intel\Intel(R) Management Engine Components\IPT;C:\Program Files\Intel\Intel(R) Management Engine Components\IPT;C:\Program Files (x86)\NVIDIA Corporation\PhysX\Common;C:\WINDOWS\system32;C:\WINDOWS;C:\WINDOWS\System32\Wbem;C:\WINDOWS\System32\WindowsPowerShell\v1.0\;C:\WINDOWS\System32\OpenSSH\;C:\Program Files\Calibre2\;C:\Program Files\Git\cmd;C:\Program Files (x86)\Microsoft SQL Server\Client SDK\ODBC\130\Tools\Binn\;C:\Program Files (x86)\Microsoft SQL Server\140\Tools\Binn\;C:\Program Files (x86)\Microsoft SQL Server\140\DTS\Binn\;C:\Program Files (x86)\Microsoft SQL Server\140\Tools\Binn\ManagementStudio\;C:\Program Files\Microsoft SQL Server\Client SDK\ODBC\130\Tools\Binn\;C:\Program Files\Microsoft SQL Server\140\Tools\Binn\;C:\Program Files\Microsoft SQL Server\140\DTS\Binn\;D:\Program Files\MATLAB\R2016a\runtime\win64;D:\Program Files\MATLAB\R2016a\bin;D:\Program Files\MATLAB\R2016a\polyspace\bin;D:\HashiCorp\Vagrant\bin;D:\Program Files\Microsoft VS Code\bin;C:\Program Files\nodejs\;C:\Program Files\Intel\WiFi\bin\;C:\Program Files\Common Files\Intel\WirelessCommon\;C:\Program Files\Java\jdk-10.0.1\bin;C:\Program Files\Java\jdk-9.0.4\\bin;C:\Users\Sun\AppData\Local\Microsoft\WindowsApps;;D:\Program Files\Microsoft VS Code\bin;C:\Users\Sun\AppData\Roaming\npm;."/>
    <property name="java.vm.info" value="mixed mode"/>
    <property name="java.vendor" value="Oracle Corporation"/>
    <property name="java.vm.version" value="25.211-b12"/>
    <property name="java.ext.dirs" value="C:\Program Files\Java\jdk1.8.0_211\jre\lib\ext;C:\WINDOWS\Sun\Java\lib\ext"/>
    <property name="sun.io.unicode.encoding" value="UnicodeLittle"/>
    <property name="java.class.version" value="52.0"/>
  </properties>
  <testcase name="init" classname="com.sun.chaincode.TryTest" time="0.012">
    <failure message="I must fail" type="org.opentest4j.AssertionFailedError">org.opentest4j.AssertionFailedError: I must fail
	at com.sun.chaincode.TryTest.init(TryTest.java:11)
</failure>
  </testcase>
</testsuite>